<?xml version="1.0" encoding="UTF-8"?>
<testsuite xmlns:xsi="http://www.w3.org/2001/XMLSchema-instance" xsi:noNamespaceSchemaLocation="https://maven.apache.org/surefire/maven-surefire-plugin/xsd/surefire-test-report.xsd" version="3.0.2" name="com.temproj.temporalProject.TemporalProjectApplicationTests" time="12.659" tests="1" errors="0" skipped="0" failures="0">
  <properties>
[...]
</properties>
  <testcase name="contextLoads" classname="com.temproj.temporalProject.TemporalProjectApplicationTests" time="1.696">
    <system-out><![CDATA[23:29:46.140 [main] INFO org.springframework.test.context.support.AnnotationConfigContextLoaderUtils -- Could not detect default configuration classes for test class [com.temproj.temporalProject.TemporalProjectApplicationTests]: TemporalProjectApplicationTests does not declare any static, non-private, non-final, nested classes annotated with @Configuration.
23:29:46.648 [main] INFO org.springframework.boot.test.context.SpringBootTestContextBootstrapper -- Found @SpringBootConfiguration com.temproj.temporalProject.TemporalProjectApplication for test class com.temproj.temporalProject.TemporalProjectApplicationTests
23:29:47.490 [main] INFO org.springframework.boot.devtools.restart.RestartApplicationListener -- Restart disabled due to context in which it is running

  .   ____          _            __ _ _
 /\\ / ___'_ __ _ _(_)_ __  __ _ \ \ \ \
( ( )\___ | '_ | '_| | '_ \/ _` | \ \ \ \
 \\/  ___)| |_)| | | | | || (_| |  ) ) ) )
  '  |____| .__|_| |_|_| |_\__, | / / / /
 =========|_|==============|___/=/_/_/_/

 :: Spring Boot ::                (v3.4.1)

2024-12-30T23:29:48.281+05:30  INFO 16984 --- [temporalProject] [           main] c.t.t.TemporalProjectApplicationTests    : Starting TemporalProjectApplicationTests using Java 21.0.2 with PID 16984 (started by vineela nallana in C:\Users\vineela nallana\temporalProject\temporalProject)
2024-12-30T23:29:48.284+05:30  INFO 16984 --- [temporalProject] [           main] c.t.t.TemporalProjectApplicationTests    : No active profile set, falling back to 1 default profile: "default"
2024-12-30T23:29:49.867+05:30  INFO 16984 --- [temporalProject] [           main] .s.d.r.c.RepositoryConfigurationDelegate : Bootstrapping Spring Data MongoDB repositories in DEFAULT mode.
2024-12-30T23:29:50.003+05:30  INFO 16984 --- [temporalProject] [           main] .s.d.r.c.RepositoryConfigurationDelegate : Finished Spring Data repository scanning in 118 ms. Found 2 MongoDB repository interfaces.
2024-12-30T23:29:51.226+05:30  INFO 16984 --- [temporalProject] [           main] org.mongodb.driver.client                : MongoClient with metadata {"driver": {"name": "mongo-java-driver|sync|spring-boot", "version": "5.2.1"}, "os": {"type": "Windows", "name": "Windows 11", "architecture": "amd64", "version": "10.0"}, "platform": "Java/Oracle Corporation/21.0.2+13-LTS-58"} created with settings MongoClientSettings{readPreference=primary, writeConcern=WriteConcern{w=null, wTimeout=null ms, journal=null}, retryWrites=true, retryReads=true, readConcern=ReadConcern{level=null}, credential=null, transportSettings=null, commandListeners=[], codecRegistry=ProvidersCodecRegistry{codecProviders=[ValueCodecProvider{}, BsonValueCodecProvider{}, DBRefCodecProvider{}, DBObjectCodecProvider{}, DocumentCodecProvider{}, CollectionCodecProvider{}, IterableCodecProvider{}, MapCodecProvider{}, GeoJsonCodecProvider{}, GridFSFileCodecProvider{}, Jsr310CodecProvider{}, JsonObjectCodecProvider{}, BsonCodecProvider{}, EnumCodecProvider{}, com.mongodb.client.model.mql.ExpressionCodecProvider@5eb5da12, com.mongodb.Jep395RecordCodecProvider@4a50d04a, com.mongodb.KotlinCodecProvider@5099c59b]}, loggerSettings=LoggerSettings{maxDocumentLength=1000}, clusterSettings={hosts=[localhost:27017], srvServiceName=mongodb, mode=SINGLE, requiredClusterType=UNKNOWN, requiredReplicaSetName='null', serverSelector='null', clusterListeners='[]', serverSelectionTimeout='30000 ms', localThreshold='15 ms'}, socketSettings=SocketSettings{connectTimeoutMS=10000, readTimeoutMS=0, receiveBufferSize=0, proxySettings=ProxySettings{host=null, port=null, username=null, password=null}}, heartbeatSocketSettings=SocketSettings{connectTimeoutMS=10000, readTimeoutMS=10000, receiveBufferSize=0, proxySettings=ProxySettings{host=null, port=null, username=null, password=null}}, connectionPoolSettings=ConnectionPoolSettings{maxSize=100, minSize=0, maxWaitTimeMS=120000, maxConnectionLifeTimeMS=0, maxConnectionIdleTimeMS=0, maintenanceInitialDelayMS=0, maintenanceFrequencyMS=60000, connectionPoolListeners=[], maxConnecting=2}, serverSettings=ServerSettings{heartbeatFrequencyMS=10000, minHeartbeatFrequencyMS=500, serverMonitoringMode=AUTO, serverListeners='[]', serverMonitorListeners='[]'}, sslSettings=SslSettings{enabled=false, invalidHostNameAllowed=false, context=null}, applicationName='null', compressorList=[], uuidRepresentation=JAVA_LEGACY, serverApi=null, autoEncryptionSettings=null, dnsClient=null, inetAddressResolver=null, contextProvider=null, timeoutMS=null}
2024-12-30T23:29:51.353+05:30  INFO 16984 --- [temporalProject] [localhost:27017] org.mongodb.driver.cluster               : Monitor thread successfully connected to server with description ServerDescription{address=localhost:27017, type=STANDALONE, cryptd=false, state=CONNECTED, ok=true, minWireVersion=0, maxWireVersion=25, maxDocumentSize=16777216, logicalSessionTimeoutMinutes=30, roundTripTimeNanos=80648400, minRoundTripTimeNanos=0}
2024-12-30T23:29:53.408+05:30  INFO 16984 --- [temporalProject] [           main] i.t.s.WorkflowServiceStubsImpl           : Created WorkflowServiceStubs for channel: ManagedChannelOrphanWrapper{delegate=ManagedChannelImpl{logId=1, target=127.0.0.1:7233}}
2024-12-30T23:29:53.721+05:30  WARN 16984 --- [temporalProject] [           main] io.temporal.worker.WorkerFactory         : Only one worker can be registered for a task queue, subsequent calls to WorkerFactory#newWorker with the same task queue are ignored and initially created worker is returned
2024-12-30T23:29:54.487+05:30  INFO 16984 --- [temporalProject] [           main] io.temporal.internal.worker.Poller       : start: Poller{name=Workflow Poller taskQueue="movieTicketTaskQueue", namespace="default", identity=16984@DESKTOP-8OB8O9L}
2024-12-30T23:29:54.505+05:30  INFO 16984 --- [temporalProject] [           main] io.temporal.internal.worker.Poller       : start: Poller{name=Activity Poller taskQueue="movieTicketTaskQueue", namespace="default", identity=16984@DESKTOP-8OB8O9L}
2024-12-30T23:29:55.613+05:30  INFO 16984 --- [temporalProject] [           main] c.t.t.TemporalProjectApplicationTests    : Started TemporalProjectApplicationTests in 8.16 seconds (process running for 11.401)
Initialized seat inventory for movie: Inception, theatre: PVR Koramangala
]]></system-out>
    <system-err><![CDATA[WARNING: A Java agent has been loaded dynamically (C:\Users\vineela nallana\.m2\repository\net\bytebuddy\byte-buddy-agent\1.15.11\byte-buddy-agent-1.15.11.jar)
WARNING: If a serviceability tool is in use, please run with -XX:+EnableDynamicAgentLoading to hide this warning
WARNING: If a serviceability tool is not in use, please run with -Djdk.instrument.traceUsage for more information
WARNING: Dynamic loading of agents will be disallowed by default in a future release
]]></system-err>
  </testcase>
</testsuite>